5
ParameterList(
    (0): Parameter containing: [torch.float32 of size 20x20]
    (1): Parameter containing: [torch.float32 of size 20x20]
    (2): Parameter containing: [torch.float32 of size 20x20]
    (3): Parameter containing: [torch.float32 of size 20x20]
    (4): Parameter containing: [torch.float32 of size 20x20]
    (5): Parameter containing: [torch.float32 of size 20x20]
)
5
ParameterList(
    (0): Parameter containing: [torch.float32 of size 20x20]
    (1): Parameter containing: [torch.float32 of size 20x20]
    (2): Parameter containing: [torch.float32 of size 20x20]
    (3): Parameter containing: [torch.float32 of size 20x20]
    (4): Parameter containing: [torch.float32 of size 20x20]
    (5): Parameter containing: [torch.float32 of size 20x20]
)
Trace: 3242.049246826172
Eigenvalues: 281.651123046875
Iteration 1:
Training Loss: 5.662737846374512
Reconstruction Loss: -0.3295266926288605
Trace: 4530.893527832031
Eigenvalues: 287.1397399902344
Iteration 1:
Training Loss: 5.6805009841918945
Reconstruction Loss: -0.37675055861473083
Trace: 21205.22236328125
Eigenvalues: 966.3839721679688
Iteration 101:
Training Loss: 2.684436321258545
Reconstruction Loss: -1.4012531042099
Trace: 23221.74708984375
Eigenvalues: 827.9642333984375
Iteration 101:
Training Loss: 2.3568015098571777
Reconstruction Loss: -1.66403329372406
Trace: 23921.5471484375
Eigenvalues: 972.592041015625
Iteration 201:
Training Loss: 1.4077919721603394
Reconstruction Loss: -2.1426477432250977
Trace: 25658.90171875
Eigenvalues: 798.6583251953125
Iteration 201:
Training Loss: 0.66368168592453
Reconstruction Loss: -2.8026511669158936
Trace: 25606.7876953125
Eigenvalues: 1012.6842651367188
Iteration 301:
Training Loss: 0.11214270442724228
Reconstruction Loss: -2.905545711517334
Trace: 27241.7019140625
Eigenvalues: 812.885498046875
Iteration 301:
Training Loss: -0.4315519630908966
Reconstruction Loss: -3.5781733989715576
Trace: 26777.577734375
Eigenvalues: 1038.287841796875
Iteration 401:
Training Loss: -0.7095735669136047
Reconstruction Loss: -3.4317307472229004
Trace: 26924.78171875
Eigenvalues: 821.9963989257812
Iteration 401:
Training Loss: -1.1246039867401123
Reconstruction Loss: -4.091543674468994
Trace: 27207.8083984375
Eigenvalues: 1051.9141845703125
Iteration 501:
Training Loss: -1.2391213178634644
Reconstruction Loss: -3.8036818504333496
Trace: 27300.6778125
Eigenvalues: 825.6731567382812
Iteration 501:
Training Loss: -1.5942392349243164
Reconstruction Loss: -4.457262992858887
Trace: 25544.3966796875
Eigenvalues: 1059.331787109375
Iteration 601:
Training Loss: -1.6080178022384644
Reconstruction Loss: -4.076847076416016
Trace: 27414.1364453125
Eigenvalues: 827.080810546875
Iteration 601:
Training Loss: -1.946136236190796
Reconstruction Loss: -4.732786655426025
Trace: 27390.0317578125
Eigenvalues: 1063.719970703125
Iteration 701:
Training Loss: -1.8865504264831543
Reconstruction Loss: -4.28655481338501
