5
ParameterList(
    (0): Parameter containing: [torch.float32 of size 20x20]
    (1): Parameter containing: [torch.float32 of size 20x20]
    (2): Parameter containing: [torch.float32 of size 20x20]
    (3): Parameter containing: [torch.float32 of size 20x20]
    (4): Parameter containing: [torch.float32 of size 20x20]
    (5): Parameter containing: [torch.float32 of size 20x20]
    (6): Parameter containing: [torch.float32 of size 20x20]
)
5
ParameterList(
    (0): Parameter containing: [torch.float32 of size 20x20]
    (1): Parameter containing: [torch.float32 of size 20x20]
    (2): Parameter containing: [torch.float32 of size 20x20]
    (3): Parameter containing: [torch.float32 of size 20x20]
    (4): Parameter containing: [torch.float32 of size 20x20]
    (5): Parameter containing: [torch.float32 of size 20x20]
    (6): Parameter containing: [torch.float32 of size 20x20]
)
Trace: 1858.4035369873047
Eigenvalues: 302.2616882324219
Iteration 1:
Training Loss: 5.481553077697754
Reconstruction Loss: -0.36857789754867554
Trace: 943.7500456237793
Eigenvalues: 178.45668029785156
Iteration 1:
Training Loss: 5.648497581481934
Reconstruction Loss: -0.43893665075302124
Trace: 11341.766962890624
Eigenvalues: 1663.27734375
Iteration 101:
Training Loss: 4.684872627258301
Reconstruction Loss: -0.6004969477653503
Trace: 23037.8066796875
Eigenvalues: 2373.671875
Iteration 101:
Training Loss: 4.301300048828125
Reconstruction Loss: -0.8387901782989502
Trace: 20375.4837109375
Eigenvalues: 1973.05712890625
Iteration 201:
Training Loss: 3.826503038406372
Reconstruction Loss: -0.7275815606117249
Trace: 28910.454375
Eigenvalues: 2147.45654296875
Iteration 201:
Training Loss: 3.265839099884033
Reconstruction Loss: -1.0838885307312012
Trace: 28297.0359375
Eigenvalues: 2276.51025390625
Iteration 301:
Training Loss: 3.4835429191589355
Reconstruction Loss: -0.844558835029602
Trace: 33802.6833203125
Eigenvalues: 2443.298583984375
Iteration 301:
Training Loss: 2.878692626953125
Reconstruction Loss: -1.2803376913070679
Trace: 28931.8201953125
Eigenvalues: 2308.8056640625
Iteration 401:
Training Loss: 3.180485486984253
Reconstruction Loss: -1.033216953277588
Trace: 34726.83453125
Eigenvalues: 2212.54296875
Iteration 401:
Training Loss: 2.6088621616363525
Reconstruction Loss: -1.328735589981079
Trace: 32253.077890625
Eigenvalues: 2296.419189453125
Iteration 501:
Training Loss: 2.556643486022949
Reconstruction Loss: -1.171623945236206
Trace: 38530.0377734375
Eigenvalues: 2243.64501953125
Iteration 501:
Training Loss: 2.0737969875335693
Reconstruction Loss: -1.4165523052215576
Trace: 33223.6537890625
Eigenvalues: 2314.3408203125
Iteration 601:
Training Loss: 2.2789762020111084
Reconstruction Loss: -1.2505367994308472
Trace: 37984.9898828125
Eigenvalues: 2266.878662109375
Iteration 601:
Training Loss: 1.8269271850585938
Reconstruction Loss: -1.454342246055603
